#
# A fatal error has been detected by the Java Runtime Environment:
#
#  SIGSEGV (0xb) at pc=0x00007f95f89a70ad, pid=11833, tid=11853
#
# JRE version: OpenJDK Runtime Environment (11.0.11+9) (build 11.0.11+9-Ubuntu-0ubuntu2.20.04)
# Java VM: OpenJDK 64-Bit Server VM (11.0.11+9-Ubuntu-0ubuntu2.20.04, mixed mode, sharing, tiered, compressed oops, g1 gc, linux-amd64)
# Problematic frame:
# C  [libjimage.so+0x30ad]
#
# Core dump will be written. Default location: Core dumps may be processed with "/usr/share/apport/apport %p %s %c %d %P %E" (or dumping to /home/andrei/Outros/Estudos de Programação/Desenvolvimento de Software/Gui/core.11833)
#
# If you would like to submit a bug report, please visit:
#   https://bugs.launchpad.net/ubuntu/+source/openjdk-lts
#

---------------  S U M M A R Y ------------

Command Line: -agentlib:jdwp=transport=dt_socket,server=n,suspend=y,address=localhost:45985 FistSwingExample

Host: Intel(R) Celeron(R) N4000 CPU @ 1.10GHz, 2 cores, 3G, Ubuntu 20.04.3 LTS
Time: Thu Jun  9 16:52:38 2022 -03 elapsed time: 277.323313 seconds (0d 0h 4m 37s)

---------------  T H R E A D  ---------------

Current thread (0x00007f95f40bd000):  JavaThread "Signal Dispatcher" daemon [_thread_in_vm, id=11853, stack(0x00007f95c708c000,0x00007f95c718d000)]

Stack: [0x00007f95c708c000,0x00007f95c718d000],  sp=0x00007f95c718a1f0,  free space=1016k
Native frames: (J=compiled Java code, A=aot compiled Java code, j=interpreted, Vv=VM code, C=native code)
C  [libjimage.so+0x30ad]
C  [libjimage.so+0x3da2]
C  [libjimage.so+0x4291]  JIMAGE_FindResource+0xf1
V  [libjvm.so+0x5b0731]